<?xml version="1.0" encoding="UTF-8"?>
<testsuite xmlns:xsi="http://www.w3.org/2001/XMLSchema-instance" xsi:noNamespaceSchemaLocation="https://maven.apache.org/surefire/maven-surefire-plugin/xsd/surefire-test-report-3.0.xsd" version="3.0" name="StudentDatabaseTest" time="0.556" tests="5" errors="0" skipped="0" failures="0">
  <properties>
[...]
</properties>
  <testcase name="testUpdateStudent" classname="StudentDatabaseTest" time="0.526"/>
  <testcase name="testAddStudent" classname="StudentDatabaseTest" time="0.002"/>
  <testcase name="testDeleteStudent" classname="StudentDatabaseTest" time="0.001"/>
  <testcase name="testGetNumberOfStudents" classname="StudentDatabaseTest" time="0.006"/>
  <testcase name="testGetStudentById" classname="StudentDatabaseTest" time="0.003"/>
</testsuite>